<?xml version="1.0" encoding="UTF-8"?>
<testsuite xmlns:xsi="http://www.w3.org/2001/XMLSchema-instance" xsi:noNamespaceSchemaLocation="https://maven.apache.org/surefire/maven-surefire-plugin/xsd/surefire-test-report-3.0.xsd" version="3.0" name="com.nonsense.ToxicityValidator.ToxicityValidatorTest" time="3.966" tests="3" errors="0" skipped="0" failures="0">
  <properties>
[...]
</properties>
  <testcase name="testGetToxicityScore_withNonToxicText" classname="com.nonsense.ToxicityValidator.ToxicityValidatorTest" time="1.802">
    <system-out><![CDATA[Toxicity score (non-toxic): 0.05388471111655235
]]></system-out>
  </testcase>
  <testcase name="testGetToxicityScore_withEmptyText" classname="com.nonsense.ToxicityValidator.ToxicityValidatorTest" time="1.17"/>
  <testcase name="testGetToxicityScore_withToxicText" classname="com.nonsense.ToxicityValidator.ToxicityValidatorTest" time="0.979">
    <system-out><![CDATA[Toxicity score (toxic): 0.9458426833152771
]]></system-out>
  </testcase>
</testsuite>